2024-04-29 12:07:26 INFO  POMspencer:55 - open URL
  2024-04-29 12:10:08 INFO  POMspencer:55 - open URL
  2024-04-29 12:10:53 INFO  POMspencer:56 - open URL
  2024-04-29 12:10:54 INFO  POMspencer:61 - search-chocolate
  2024-04-29 12:15:46 INFO  POMspencer:56 - open URL
  2024-04-29 12:15:47 INFO  POMspencer:61 - search-chocolate
  2024-04-29 12:15:53 INFO  POMspencer:67 - Dairy prod
  2024-04-29 12:15:58 WARN  POMspencer:69 - Wait for  5 sec
  2024-04-29 12:15:58 INFO  POMspencer:71 - Add cart
  2024-04-29 12:16:01 WARN  POMspencer:74 - Wait for  3 sec
  2024-04-29 12:16:01 INFO  POMspencer:76 - Testcase 1 terminated
  2024-04-29 12:17:14 INFO  POMspencer:63 - open URL
  2024-04-29 12:17:20 INFO  POMspencer:68 - search-chocolate
  2024-04-29 12:17:20 INFO  POMspencer:74 - Dairy prod
  2024-04-29 12:17:25 WARN  POMspencer:76 - Wait for  5 sec
  2024-04-29 12:17:25 INFO  POMspencer:78 - Add cart
  2024-04-29 12:17:28 WARN  POMspencer:81 - Wait for  3 sec
  2024-04-29 12:17:28 INFO  POMspencer:83 - Testcase 1 terminated
  2024-04-29 12:33:44 INFO  POMspencer:61 - open URL
  2024-04-29 12:33:48 INFO  POMspencer:101 - open URL
  2024-04-29 12:33:48 INFO  POMspencer:106 - Groceries & Staples
  2024-04-29 12:33:50 INFO  POMspencer:108 - view all
  2024-04-29 12:33:53 INFO  POMspencer:110 - edible oil
  2024-04-29 12:33:58 WARN  POMspencer:112 - Wait for  5 sec
  2024-04-29 15:21:00 INFO  POMspencer:65 - open URL
  2024-04-29 15:21:02 INFO  POMspencer:70 - search-chocolate
  2024-04-29 15:21:08 INFO  POMspencer:76 - Dairy prod
  2024-04-29 15:21:13 WARN  POMspencer:78 - Wait for  5 sec
  2024-04-29 15:21:13 INFO  POMspencer:80 - Add cart
  2024-04-29 15:21:16 WARN  POMspencer:83 - Wait for  3 sec
  2024-04-29 15:21:16 INFO  POMspencer:85 - Testcase 1 terminated
  2024-04-29 15:21:22 INFO  POMspencer:106 - open URL
  2024-04-29 15:21:22 INFO  POMspencer:111 - Groceries & Staples
  2024-04-29 15:21:27 INFO  POMspencer:113 - view all
  2024-04-29 15:21:27 INFO  POMspencer:115 - edible oil
  2024-04-29 15:21:32 WARN  POMspencer:117 - Wait for  5 sec
  2024-04-29 15:21:32 INFO  POMspencer:119 - Testcase 2 terminated
  2024-04-29 15:21:38 INFO  POMspencer:139 - open URL
  2024-04-29 15:21:39 INFO  POMspencer:143 - Profile
  2024-04-29 15:21:39 WARN  POMspencer:147 - Wait for  20 sec
  2024-04-29 15:21:39 INFO  POMspencer:149 - Log in
  2024-04-29 15:21:40 INFO  POMspencer:158 - email
  2024-04-29 15:21:40 INFO  POMspencer:163 - pass
  2024-04-29 15:21:43 INFO  POMspencer:169 - Testcase 3 terminated
  